mode: set
tests/balanced_brackets/balanced_bracket.go:35.13,43.2 5 0
tests/balanced_brackets/balanced_bracket.go:46.44,51.38 3 1
tests/balanced_brackets/balanced_bracket.go:56.2,56.24 1 1
tests/balanced_brackets/balanced_bracket.go:82.2,82.81 1 1
tests/balanced_brackets/balanced_bracket.go:89.2,89.15 1 1
tests/balanced_brackets/balanced_bracket.go:51.38,54.3 1 1
tests/balanced_brackets/balanced_bracket.go:56.24,57.20 1 1
tests/balanced_brackets/balanced_bracket.go:75.3,75.79 1 1
tests/balanced_brackets/balanced_bracket.go:58.12,59.23 1 1
tests/balanced_brackets/balanced_bracket.go:60.12,61.24 1 1
tests/balanced_brackets/balanced_bracket.go:62.12,63.23 1 1
tests/balanced_brackets/balanced_bracket.go:64.12,65.23 1 1
tests/balanced_brackets/balanced_bracket.go:66.12,67.24 1 1
tests/balanced_brackets/balanced_bracket.go:68.12,69.23 1 1
tests/balanced_brackets/balanced_bracket.go:70.11,72.16 1 1
tests/balanced_brackets/balanced_bracket.go:75.79,78.4 1 1
tests/balanced_brackets/balanced_bracket.go:82.81,84.3 1 1
tests/balanced_brackets/balanced_bracket.go:84.8,86.3 1 1
